2025-05-20 10:36:57,282 - INFO - Starting game from main menu
2025-05-20 10:37:11,273 - INFO - Opened high score menu
2025-05-20 10:38:33,495 - INFO - Opened high score menu
2025-05-20 10:41:52,857 - INFO - Opened high score menu
2025-05-20 10:41:54,619 - INFO - Starting game from main menu
2025-05-20 10:42:03,620 - INFO - Opened high score menu
2025-05-20 10:42:04,710 - INFO - Game exited by ESC key
2025-05-20 10:44:18,880 - INFO - Starting game from main menu
2025-05-20 10:44:29,846 - INFO - Opened high score menu
2025-05-20 10:44:30,703 - INFO - Game exited by ESC key
2025-05-20 10:45:46,222 - INFO - Opened high score menu
2025-05-20 10:45:47,352 - INFO - Opened settings menu
2025-05-20 10:46:15,047 - INFO - Opened settings menu
2025-05-20 10:46:21,858 - INFO - Starting game from main menu
2025-05-20 10:46:29,657 - INFO - Opened high score menu
2025-05-20 10:46:30,459 - INFO - Game exited by ESC key
2025-05-20 10:47:57,158 - INFO - Starting game from main menu
2025-05-20 10:48:05,202 - INFO - Opened high score menu
2025-05-20 10:48:06,549 - INFO - Starting game from main menu
2025-05-20 10:50:34,277 - INFO - Starting game from main menu
2025-05-20 10:51:27,745 - INFO - Opened high score menu
2025-05-20 10:51:29,301 - INFO - Starting game from main menu
2025-05-20 10:52:06,119 - INFO - Starting game from main menu
2025-05-20 10:52:07,555 - INFO - Starting game from main menu
2025-05-20 10:52:43,920 - INFO - Starting game from main menu
2025-05-20 10:52:45,245 - INFO - Starting game from main menu
2025-05-20 10:55:17,218 - INFO - Starting game from main menu
2025-05-20 10:55:18,000 - INFO - Opened settings menu
2025-05-20 10:55:19,281 - INFO - Starting game from main menu
2025-05-20 10:56:27,188 - INFO - Starting game from main menu
2025-05-20 10:56:27,547 - INFO - Starting game from main menu
2025-05-20 10:58:32,616 - INFO - Starting game from main menu
2025-05-20 10:58:33,600 - INFO - Starting game from main menu
2025-05-20 11:00:28,316 - INFO - Starting game from main menu
2025-05-20 11:00:29,608 - INFO - Starting game from main menu
2025-05-20 11:02:33,891 - INFO - Starting game from main menu
2025-05-20 11:02:34,429 - INFO - Starting game from main menu
2025-05-20 11:02:43,506 - INFO - Opened high score menu
2025-05-20 11:03:16,961 - INFO - Opened high score menu
2025-05-20 11:03:18,364 - INFO - Opened settings menu
2025-05-20 11:03:20,834 - INFO - Opened high score menu
2025-05-20 11:03:23,427 - INFO - Opened settings menu
2025-05-20 11:03:34,473 - INFO - Starting game from main menu
2025-05-20 11:03:35,715 - INFO - Starting game from main menu
2025-05-20 11:03:42,955 - INFO - Opened high score menu
2025-05-20 11:03:44,310 - INFO - Game exited by ESC key
2025-05-20 11:16:23,673 - INFO - Starting game from main menu
2025-05-20 11:16:24,803 - INFO - Starting game from main menu
2025-05-20 11:16:24,972 - INFO - Starting game from main menu
2025-05-20 11:18:03,163 - INFO - Starting game from main menu
2025-05-20 11:18:03,535 - INFO - Starting game from main menu
2025-05-20 11:18:03,875 - INFO - Starting game from main menu
2025-05-20 11:18:04,076 - INFO - Starting game from main menu
2025-05-20 11:18:20,705 - INFO - Opened settings menu
2025-05-20 11:18:22,466 - INFO - Opened high score menu
2025-05-20 11:18:24,564 - INFO - Starting game from main menu
2025-05-20 11:18:28,283 - INFO - Game exited from main menu
2025-05-20 11:20:06,565 - INFO - Starting game from main menu
2025-05-20 11:20:17,094 - INFO - Opened high score menu
2025-05-20 11:20:17,653 - INFO - Game exited by ESC key
2025-05-20 11:21:29,320 - INFO - Starting game from main menu
2025-05-20 11:22:22,913 - INFO - Starting game from main menu
2025-05-20 11:23:45,404 - INFO - Starting game from main menu
2025-05-20 11:24:18,347 - INFO - Starting game from main menu
2025-05-20 11:25:02,556 - INFO - Starting game from main menu
2025-05-20 11:26:05,394 - INFO - Starting game from main menu
2025-05-20 11:26:19,813 - INFO - Opened high score menu
2025-05-20 11:26:21,489 - INFO - Game exited by ESC key
2025-05-20 11:26:25,291 - INFO - Opened high score menu
2025-05-20 11:26:26,009 - INFO - Game exited by ESC key
2025-05-20 11:31:12,290 - INFO - Opened high score menu
2025-05-20 11:31:13,541 - INFO - Game exited by ESC key
2025-05-20 11:31:19,674 - INFO - Game exited by ESC key
2025-05-20 11:32:04,406 - INFO - Starting game from main menu
2025-05-20 11:32:05,153 - INFO - Starting game from main menu
2025-05-20 11:32:05,388 - INFO - Starting game from main menu
2025-05-20 11:32:05,579 - INFO - Starting game from main menu
2025-05-20 11:32:05,740 - INFO - Starting game from main menu
2025-05-20 11:32:05,883 - INFO - Starting game from main menu
2025-05-20 11:32:06,034 - INFO - Starting game from main menu
2025-05-20 11:32:09,949 - INFO - Starting game from main menu
2025-05-20 11:32:10,151 - INFO - Starting game from main menu
2025-05-20 11:32:10,316 - INFO - Starting game from main menu
2025-05-20 11:32:10,452 - INFO - Starting game from main menu
2025-05-20 11:32:10,597 - INFO - Starting game from main menu
2025-05-20 11:32:10,735 - INFO - Starting game from main menu
2025-05-20 11:32:10,871 - INFO - Starting game from main menu
2025-05-20 11:32:11,003 - INFO - Starting game from main menu
2025-05-20 11:32:11,576 - INFO - Opened high score menu
2025-05-20 11:32:12,566 - INFO - Opened settings menu
2025-05-20 11:32:13,184 - INFO - Starting game from main menu
2025-05-20 11:32:13,328 - INFO - Starting game from main menu
2025-05-20 11:32:13,455 - INFO - Starting game from main menu
2025-05-20 11:32:13,597 - INFO - Starting game from main menu
2025-05-20 11:32:13,729 - INFO - Starting game from main menu
2025-05-20 11:32:13,866 - INFO - Starting game from main menu
2025-05-20 11:32:13,960 - INFO - Starting game from main menu
2025-05-20 11:32:14,057 - INFO - Starting game from main menu
2025-05-20 11:32:14,159 - INFO - Starting game from main menu
2025-05-20 11:32:14,323 - INFO - Game exited by ESC key
2025-05-20 11:32:46,751 - INFO - Starting game from main menu
2025-05-20 11:32:46,909 - INFO - Starting game from main menu
2025-05-20 11:32:47,069 - INFO - Starting game from main menu
2025-05-20 11:32:47,318 - INFO - Game exited by ESC key
